C51 COMPILER V9.60.7.0   MAIN                                                              02/20/2023 23:00:41 PAGE 1   


C51 COMPILER V9.60.7.0, COMPILATION OF MODULE MAIN
OBJECT MODULE PLACED IN .\Objects\main.obj
COMPILER INVOKED BY: D:\Program Files\KeilC51\C51\BIN\C51.EXE main.c OPTIMIZE(8,SPEED) BROWSE DEBUG OBJECTEXTEND PRINT(.
                    -\Listings\main.lst) TABS(2) OBJECT(.\Objects\main.obj)

line level    source

   1          #include "reg52.h"
   2          
   3          sbit BEEP = P2^5;
   4          sbit LED0 = P2^0;
   5          
   6          void Delay_10us(int ten_us)
   7          {
   8   1        while(ten_us--);
   9   1      }
  10          void main()
  11          {
  12   1        while(1)
  13   1        {
  14   2          int i = 2000;
  15   2          while(i--)
  16   2          {   
  17   3            BEEP = !BEEP;
  18   3            Delay_10us(10);
  19   3          }
  20   2          Delay_10us(200);
  21   2          BEEP = 0;
  22   2          i = 200;
  23   2          while(i--)
  24   2          {
  25   3            BEEP = !BEEP;
  26   3            Delay_10us(100);
  27   3          }
  28   2          Delay_10us(200);
  29   2          BEEP = 0;
  30   2          LED0=!LED0;
  31   2        }
  32   1      }


MODULE INFORMATION:   STATIC OVERLAYABLE
   CODE SIZE        =     93    ----
   CONSTANT SIZE    =   ----    ----
   XDATA SIZE       =   ----    ----
   PDATA SIZE       =   ----    ----
   DATA SIZE        =   ----       2
   IDATA SIZE       =   ----    ----
   BIT SIZE         =   ----    ----
END OF MODULE INFORMATION.


C51 COMPILATION COMPLETE.  0 WARNING(S),  0 ERROR(S)
