C51 COMPILER V9.60.7.0   MAIN                                                              02/22/2023 23:50:58 PAGE 1   


C51 COMPILER V9.60.7.0, COMPILATION OF MODULE MAIN
OBJECT MODULE PLACED IN .\Objects\main.obj
COMPILER INVOKED BY: D:\Program Files\KeilC51\C51\BIN\C51.EXE main.c OPTIMIZE(8,SPEED) BROWSE DEBUG OBJECTEXTEND PRINT(.
                    -\Listings\main.lst) TABS(2) OBJECT(.\Objects\main.obj)

line level    source

   1          #include "reg52.h"
   2          
   3          typedef unsigned char u8;
   4          typedef unsigned int u16;
   5          
   6          #define SMG_A_DP_PORT P0^1;
   7          sbit BEEP = P2^5;
   8          
   9          u8 gsmg_code[] = {0x3f,0x06,0x5b,0x4f,0x66,0x6d,0x7d,0x07,
  10                            0x7f,0x6f,0x77,0x7c,0x39,0x5e,0x79,0x71}; //
  11          //
  12          void Delay_10us(u16 ten_us)
  13          {
  14   1        while(ten_us--);
  15   1      } 
  16          
  17          void main()
  18          {
  19   1        while(1)
  20   1        {
  21   2          int i = 0;
  22   2          int n1;
  23   2          for(i=9;i>=0;i--)
  24   2          {
  25   3            P0 = gsmg_code[i];
  26   3            n1 = 2000;
  27   3            while(n1--)
  28   3            {   
  29   4              BEEP = !BEEP;
  30   4              Delay_10us(10);
  31   4            }
  32   3            Delay_10us(50000);
  33   3          }
  34   2          P0 = 0x00;
  35   2          
  36   2          while(1)
  37   2          {
  38   3            n1 = 1000;
  39   3            while(n1--)
  40   3            {   
  41   4              BEEP = !BEEP;
  42   4              Delay_10us(5);
  43   4            }
  44   3            Delay_10us(20000);
  45   3          }
  46   2        }
  47   1      }


MODULE INFORMATION:   STATIC OVERLAYABLE
   CODE SIZE        =    125    ----
   CONSTANT SIZE    =   ----    ----
   XDATA SIZE       =   ----    ----
   PDATA SIZE       =   ----    ----
C51 COMPILER V9.60.7.0   MAIN                                                              02/22/2023 23:50:58 PAGE 2   

   DATA SIZE        =     16       4
   IDATA SIZE       =   ----    ----
   BIT SIZE         =   ----    ----
END OF MODULE INFORMATION.


C51 COMPILATION COMPLETE.  0 WARNING(S),  0 ERROR(S)
