C51 COMPILER V9.60.7.0   MAIN                                                              02/19/2023 18:45:45 PAGE 1   


C51 COMPILER V9.60.7.0, COMPILATION OF MODULE MAIN
OBJECT MODULE PLACED IN .\Objects\main.obj
COMPILER INVOKED BY: D:\Program Files\KeilC51\C51\BIN\C51.EXE main.c OPTIMIZE(8,SPEED) BROWSE DEBUG OBJECTEXTEND PRINT(.
                    -\Listings\main.lst) TABS(2) OBJECT(.\Objects\main.obj)

line level    source

   1          #include "reg52.h"
   2          
   3          sbit LED1 = P2^0;
   4          void main()
   5          {
   6   1        LED1 = 0;
   7   1        
   8   1        while(1)
   9   1        {
  10   2          
  11   2        }
  12   1      }


MODULE INFORMATION:   STATIC OVERLAYABLE
   CODE SIZE        =      4    ----
   CONSTANT SIZE    =   ----    ----
   XDATA SIZE       =   ----    ----
   PDATA SIZE       =   ----    ----
   DATA SIZE        =   ----    ----
   IDATA SIZE       =   ----    ----
   BIT SIZE         =   ----    ----
END OF MODULE INFORMATION.


C51 COMPILATION COMPLETE.  0 WARNING(S),  0 ERROR(S)
